<?xml version="1.0" encoding="UTF-8"?>
<!-- Generated by org.testng.reporters.JUnitReportReporter -->
<testsuite hostname="OracleSoft" failures="0" tests="1" name="testNG.day2" time="0.002" errors="0" timestamp="2023-06-05T17:45:04 IST" skipped="0">
  <testcase classname="testNG.day2" name="WebHomeLoan" time="0.002"/>
  <system-out/>
</testsuite> <!-- testNG.day2 -->
