<?xml version="1.0" encoding="UTF-8"?>
<!-- Generated by org.testng.reporters.JUnitReportReporter -->
<testsuite hostname="OracleSoft" failures="0" tests="3" name="testNG.day1" time="0.030" errors="0" timestamp="2023-06-05T17:27:46 IST" skipped="0">
  <testcase classname="testNG.day1" name="APIPersonalLoan" time="0.014"/>
  <system-out/>
  <testcase classname="testNG.day1" name="WebPersonalLoan" time="0.006"/>
  <system-out/>
  <testcase classname="testNG.day1" name="MobilePersonalLoan" time="0.010"/>
  <system-out/>
</testsuite> <!-- testNG.day1 -->
